This file contains any messages produced by compilers while
running configure, to aid debugging if configure makes a mistake.

It was created by configure, which was
generated by GNU Autoconf 2.71.  Invocation command line was

  $ configure

## --------- ##
## Platform. ##
## --------- ##

hostname = arzak.local
uname -m = arm64
uname -r = 23.4.0
uname -s = Darwin
uname -v = Darwin Kernel Version 23.4.0: Wed Feb 21 21:44:43 PST 2024; root:xnu-10063.101.15~2/RELEASE_ARM64_T6000

/usr/bin/uname -p = arm
/bin/uname -X     = unknown

/bin/arch              = unknown
/usr/bin/arch -k       = unknown
/usr/convex/getsysinfo = unknown
/usr/bin/hostinfo      = Mach kernel version:
	 Darwin Kernel Version 23.4.0: Wed Feb 21 21:44:43 PST 2024; root:xnu-10063.101.15~2/RELEASE_ARM64_T6000
Kernel configured for up to 10 processors.
10 processors are physically available.
10 processors are logically available.
Processor type: arm64e (ARM64E)
Processors active: 0 1 2 3 4 5 6 7 8 9
Primary memory available: 64.00 gigabytes
Default processor set: 877 tasks, 3878 threads, 10 processors
Load average: 3.77, Mach factor: 6.35
/bin/machine           = unknown
/usr/bin/oslevel       = unknown
/bin/universe          = unknown

PATH: /opt/homebrew/anaconda3/condabin/
PATH: ./
PATH: /Users/beerli/bin/
PATH: /usr/bin/
PATH: /Library/Frameworks/Python.framework/Versions/2.7/bin/
PATH: /opt/homebrew/bin/
PATH: /opt/homebrew/sbin/
PATH: /usr/local/bin/
PATH: /System/Cryptexes/App/usr/bin/
PATH: /usr/bin/
PATH: /bin/
PATH: /usr/sbin/
PATH: /sbin/
PATH: /var/run/com.apple.security.cryptexd/codex.system/bootstrap/usr/local/bin/
PATH: /var/run/com.apple.security.cryptexd/codex.system/bootstrap/usr/bin/
PATH: /var/run/com.apple.security.cryptexd/codex.system/bootstrap/usr/appleinternal/bin/
PATH: /Library/Apple/usr/bin/
PATH: /Library/TeX/texbin/
PATH: /usr/local/share/dotnet/
PATH: ~/.dotnet/tools/
PATH: /Library/Frameworks/Mono.framework/Versions/Current/Commands/
PATH: /usr/local/bin/


## ----------- ##
## Core tests. ##
## ----------- ##

configure:2610: looking for aux files: install-sh config.guess config.sub
configure:2623:  trying ./
configure:2634:   ./install-sh found
configure:2652:   ./config.guess found
configure:2652:   ./config.sub found
configure:2771: checking build system type
configure:2786: result: aarch64-apple-darwin23.4.0
configure:2806: checking host system type
configure:2820: result: aarch64-apple-darwin23.4.0
configure:2840: checking target system type
configure:2854: result: aarch64-apple-darwin23.4.0
configure:2895: checking for gmake
configure:2916: found /opt/homebrew/bin/gmake
configure:2928: result: gmake
configure:3021: checking for clang
configure:3042: found /usr/bin/clang
configure:3053: result: clang
configure:3084: checking for C compiler version
configure:3093: clang --version >&5
Apple clang version 15.0.0 (clang-1500.3.9.4)
Target: arm64-apple-darwin23.4.0
Thread model: posix
InstalledDir: /Applications/Xcode.app/Contents/Developer/Toolchains/XcodeDefault.xctoolchain/usr/bin
configure:3104: $? = 0
configure:3093: clang -v >&5
Apple clang version 15.0.0 (clang-1500.3.9.4)
Target: arm64-apple-darwin23.4.0
Thread model: posix
InstalledDir: /Applications/Xcode.app/Contents/Developer/Toolchains/XcodeDefault.xctoolchain/usr/bin
configure:3104: $? = 0
configure:3093: clang -V >&5
clang: error: argument to '-V' is missing (expected 1 value)
clang: error: no input files
configure:3104: $? = 1
configure:3093: clang -qversion >&5
clang: error: unknown argument '-qversion'; did you mean '--version'?
clang: error: no input files
configure:3104: $? = 1
configure:3093: clang -version >&5
clang: error: unknown argument '-version'; did you mean '--version'?
clang: error: no input files
configure:3104: $? = 1
configure:3124: checking whether the C compiler works
configure:3146: clang    conftest.c  >&5
configure:3150: $? = 0
configure:3200: result: yes
configure:3203: checking for C compiler default output file name
configure:3205: result: a.out
configure:3211: checking for suffix of executables
configure:3218: clang -o conftest    conftest.c  >&5
configure:3222: $? = 0
configure:3245: result: 
configure:3267: checking whether we are cross compiling
configure:3275: clang -o conftest    conftest.c  >&5
configure:3279: $? = 0
configure:3286: ./conftest
configure:3290: $? = 0
configure:3305: result: no
configure:3310: checking for suffix of object files
configure:3333: clang -c   conftest.c >&5
configure:3337: $? = 0
configure:3359: result: o
configure:3363: checking whether the compiler supports GNU C
configure:3383: clang -c   conftest.c >&5
configure:3383: $? = 0
configure:3393: result: yes
configure:3404: checking whether clang accepts -g
configure:3425: clang -c -g  conftest.c >&5
configure:3425: $? = 0
configure:3469: result: yes
configure:3489: checking for clang option to enable C11 features
configure:3504: clang  -c -g -O2  conftest.c >&5
conftest.c:23:14: warning: a function definition without a prototype is deprecated in all versions of C and is not supported in C2x [-Wdeprecated-non-prototype]
static char *e (p, i)
             ^
1 warning generated.
configure:3504: $? = 0
configure:3522: result: none needed
configure:3701: checking for clang
configure:3722: found /usr/bin/clang
configure:3733: result: clang
configure:3760: checking for C++ compiler version
configure:3769: clang --version >&5
Apple clang version 15.0.0 (clang-1500.3.9.4)
Target: arm64-apple-darwin23.4.0
Thread model: posix
InstalledDir: /Applications/Xcode.app/Contents/Developer/Toolchains/XcodeDefault.xctoolchain/usr/bin
configure:3780: $? = 0
configure:3769: clang -v >&5
Apple clang version 15.0.0 (clang-1500.3.9.4)
Target: arm64-apple-darwin23.4.0
Thread model: posix
InstalledDir: /Applications/Xcode.app/Contents/Developer/Toolchains/XcodeDefault.xctoolchain/usr/bin
configure:3780: $? = 0
configure:3769: clang -V >&5
clang: error: argument to '-V' is missing (expected 1 value)
clang: error: no input files
configure:3780: $? = 1
configure:3769: clang -qversion >&5
clang: error: unknown argument '-qversion'; did you mean '--version'?
clang: error: no input files
configure:3780: $? = 1
configure:3784: checking whether the compiler supports GNU C++
configure:3804: clang -c   conftest.cpp >&5
configure:3804: $? = 0
configure:3814: result: yes
configure:3825: checking whether clang accepts -g
configure:3846: clang -c -g  conftest.cpp >&5
configure:3846: $? = 0
configure:3890: result: yes
configure:3910: checking for clang option to enable C++11 features
configure:3925: clang  -c -g -O2  conftest.cpp >&5
conftest.cpp:55:3: error: "Compiler does not advertise C++11 conformance"
# error "Compiler does not advertise C++11 conformance"
  ^
conftest.cpp:60:3: error: unknown type name 'constexpr'
  constexpr int get_val() { return 20; }
  ^
conftest.cpp:72:17: error: delegating constructors are permitted only in C++11
    delegate(): delegate(2354) {}
                ^~~~~~~~
conftest.cpp:83:26: warning: 'override' keyword is a C++11 extension [-Wc++11-extensions]
    virtual int getval() override final { return this->n * 2; }
                         ^
conftest.cpp:83:35: warning: 'final' keyword is a C++11 extension [-Wc++11-extensions]
    virtual int getval() override final { return this->n * 2; }
                                  ^
conftest.cpp:90:16: warning: defaulted function definitions are a C++11 extension [-Wc++11-extensions]
    nocopy() = default;
               ^
conftest.cpp:91:29: warning: deleted function definitions are a C++11 extension [-Wc++11-extensions]
    nocopy(const nocopy&) = delete;
                            ^
conftest.cpp:92:41: warning: deleted function definitions are a C++11 extension [-Wc++11-extensions]
    nocopy & operator=(const nocopy&) = delete;
                                        ^
conftest.cpp:104:25: warning: 'auto' type specifier is a C++11 extension [-Wc++11-extensions]
  template <typename V> auto sum(V first) -> V
                        ^
conftest.cpp:104:25: error: 'auto' not allowed in function return type
  template <typename V> auto sum(V first) -> V
                        ^~~~
conftest.cpp:104:42: error: expected ';' at end of declaration
  template <typename V> auto sum(V first) -> V
                                         ^
                                         ;
conftest.cpp:104:43: error: cannot use arrow operator on a type
  template <typename V> auto sum(V first) -> V
                                          ^
conftest.cpp:108:33: warning: variadic templates are a C++11 extension [-Wc++11-extensions]
  template <typename V, typename... Args> auto sum(V first, Args... rest) -> V
                                ^
conftest.cpp:108:43: warning: 'auto' type specifier is a C++11 extension [-Wc++11-extensions]
  template <typename V, typename... Args> auto sum(V first, Args... rest) -> V
                                          ^
conftest.cpp:108:43: error: 'auto' not allowed in function return type
  template <typename V, typename... Args> auto sum(V first, Args... rest) -> V
                                          ^~~~
conftest.cpp:108:74: error: expected ';' at end of declaration
  template <typename V, typename... Args> auto sum(V first, Args... rest) -> V
                                                                         ^
                                                                         ;
conftest.cpp:108:75: error: cannot use arrow operator on a type
  template <typename V, typename... Args> auto sum(V first, Args... rest) -> V
                                                                          ^
conftest.cpp:132:3: warning: 'auto' type specifier is a C++11 extension [-Wc++11-extensions]
  auto a1 = 6538;
  ^
conftest.cpp:133:3: warning: 'auto' type specifier is a C++11 extension [-Wc++11-extensions]
  auto a2 = 48573953.4;
  ^
conftest.cpp:134:3: warning: 'auto' type specifier is a C++11 extension [-Wc++11-extensions]
  auto a3 = "String literal";
  ^
conftest.cpp:137:8: warning: 'auto' type specifier is a C++11 extension [-Wc++11-extensions]
  for (auto i = a3; *i; ++i) { total += *i; }
       ^
conftest.cpp:153:8: warning: 'auto' type specifier is a C++11 extension [-Wc++11-extensions]
  for (auto &x : array) { x += 23; }
       ^
conftest.cpp:153:16: warning: range-based for loop is a C++11 extension [-Wc++11-extensions]
  for (auto &x : array) { x += 23; }
               ^
conftest.cpp:158:17: error: expected expression
  assert (eval ([](int x) { return x*2; }, 21) == 42);
                ^
conftest.cpp:160:17: error: expected expression
  assert (eval ([&](double x) { return d += x; }, 3.0) == 5.0);
                ^
conftest.cpp:162:17: error: expected expression
  assert (eval ([=](double x) mutable { return d += x; }, 4.0) == 9.0);
                ^
conftest.cpp:168:3: warning: 'auto' type specifier is a C++11 extension [-Wc++11-extensions]
  auto a = sum(1);
  ^
conftest.cpp:168:12: error: no matching function for call to 'sum'
  auto a = sum(1);
           ^~~
conftest.cpp:169:3: warning: 'auto' type specifier is a C++11 extension [-Wc++11-extensions]
  auto b = sum(1, 2);
  ^
conftest.cpp:169:12: error: no matching function for call to 'sum'
  auto b = sum(1, 2);
           ^~~
conftest.cpp:170:3: warning: 'auto' type specifier is a C++11 extension [-Wc++11-extensions]
  auto c = sum(1.0, 2.0, 3.0);
  ^
conftest.cpp:170:12: error: no matching function for call to 'sum'
  auto c = sum(1.0, 2.0, 3.0);
           ^~~
conftest.cpp:175:25: warning: empty parentheses interpreted as a function declaration [-Wvexing-parse]
  cxx11test::delegate d2();
                        ^~
conftest.cpp:175:25: note: remove parentheses to declare a variable
  cxx11test::delegate d2();
                        ^~
conftest.cpp:188:16: error: found '<::' after a template name which forms the digraph '<:' (aka '[') and a ':', did you mean '< ::'?
  test_template<::test_template<int>> v(test_template<int>(12));
               ^~~
               < ::
conftest.cpp:188:36: error: a space is required between consecutive right angle brackets (use '> >')
  test_template<::test_template<int>> v(test_template<int>(12));
                                   ^~
                                   > >
conftest.cpp:192:22: error: use of undeclared identifier 'u8'
  char const *utf8 = u8"UTF-8 string \u2500";
                     ^
conftest.cpp:192:24: error: expected ';' at end of declaration
  char const *utf8 = u8"UTF-8 string \u2500";
                       ^
                       ;
fatal error: too many errors emitted, stopping now [-ferror-limit=]
18 warnings and 20 errors generated.
configure:3925: $? = 1
configure: failed program was:
| /* confdefs.h */
| #define PACKAGE_NAME ""
| #define PACKAGE_TARNAME ""
| #define PACKAGE_VERSION ""
| #define PACKAGE_STRING ""
| #define PACKAGE_BUGREPORT ""
| #define PACKAGE_URL ""
| /* end confdefs.h.  */
| 
| // Does the compiler advertise C++98 conformance?
| #if !defined __cplusplus || __cplusplus < 199711L
| # error "Compiler does not advertise C++98 conformance"
| #endif
| 
| // These inclusions are to reject old compilers that
| // lack the unsuffixed header files.
| #include <cstdlib>
| #include <exception>
| 
| // <cassert> and <cstring> are *not* freestanding headers in C++98.
| extern void assert (int);
| namespace std {
|   extern int strcmp (const char *, const char *);
| }
| 
| // Namespaces, exceptions, and templates were all added after "C++ 2.0".
| using std::exception;
| using std::strcmp;
| 
| namespace {
| 
| void test_exception_syntax()
| {
|   try {
|     throw "test";
|   } catch (const char *s) {
|     // Extra parentheses suppress a warning when building autoconf itself,
|     // due to lint rules shared with more typical C programs.
|     assert (!(strcmp) (s, "test"));
|   }
| }
| 
| template <typename T> struct test_template
| {
|   T const val;
|   explicit test_template(T t) : val(t) {}
|   template <typename U> T add(U u) { return static_cast<T>(u) + val; }
| };
| 
| } // anonymous namespace
| 
| 
| // Does the compiler advertise C++ 2011 conformance?
| #if !defined __cplusplus || __cplusplus < 201103L
| # error "Compiler does not advertise C++11 conformance"
| #endif
| 
| namespace cxx11test
| {
|   constexpr int get_val() { return 20; }
| 
|   struct testinit
|   {
|     int i;
|     double d;
|   };
| 
|   class delegate
|   {
|   public:
|     delegate(int n) : n(n) {}
|     delegate(): delegate(2354) {}
| 
|     virtual int getval() { return this->n; };
|   protected:
|     int n;
|   };
| 
|   class overridden : public delegate
|   {
|   public:
|     overridden(int n): delegate(n) {}
|     virtual int getval() override final { return this->n * 2; }
|   };
| 
|   class nocopy
|   {
|   public:
|     nocopy(int i): i(i) {}
|     nocopy() = default;
|     nocopy(const nocopy&) = delete;
|     nocopy & operator=(const nocopy&) = delete;
|   private:
|     int i;
|   };
| 
|   // for testing lambda expressions
|   template <typename Ret, typename Fn> Ret eval(Fn f, Ret v)
|   {
|     return f(v);
|   }
| 
|   // for testing variadic templates and trailing return types
|   template <typename V> auto sum(V first) -> V
|   {
|     return first;
|   }
|   template <typename V, typename... Args> auto sum(V first, Args... rest) -> V
|   {
|     return first + sum(rest...);
|   }
| }
| 
| 
| int
| main (int argc, char **argv)
| {
|   int ok = 0;
|   
|   assert (argc);
|   assert (! argv[0]);
| {
|   test_exception_syntax ();
|   test_template<double> tt (2.0);
|   assert (tt.add (4) == 6.0);
|   assert (true && !false);
| }
| 
|   
| {
|   // Test auto and decltype
|   auto a1 = 6538;
|   auto a2 = 48573953.4;
|   auto a3 = "String literal";
| 
|   int total = 0;
|   for (auto i = a3; *i; ++i) { total += *i; }
| 
|   decltype(a2) a4 = 34895.034;
| }
| {
|   // Test constexpr
|   short sa[cxx11test::get_val()] = { 0 };
| }
| {
|   // Test initializer lists
|   cxx11test::testinit il = { 4323, 435234.23544 };
| }
| {
|   // Test range-based for
|   int array[] = {9, 7, 13, 15, 4, 18, 12, 10, 5, 3,
|                  14, 19, 17, 8, 6, 20, 16, 2, 11, 1};
|   for (auto &x : array) { x += 23; }
| }
| {
|   // Test lambda expressions
|   using cxx11test::eval;
|   assert (eval ([](int x) { return x*2; }, 21) == 42);
|   double d = 2.0;
|   assert (eval ([&](double x) { return d += x; }, 3.0) == 5.0);
|   assert (d == 5.0);
|   assert (eval ([=](double x) mutable { return d += x; }, 4.0) == 9.0);
|   assert (d == 5.0);
| }
| {
|   // Test use of variadic templates
|   using cxx11test::sum;
|   auto a = sum(1);
|   auto b = sum(1, 2);
|   auto c = sum(1.0, 2.0, 3.0);
| }
| {
|   // Test constructor delegation
|   cxx11test::delegate d1;
|   cxx11test::delegate d2();
|   cxx11test::delegate d3(45);
| }
| {
|   // Test override and final
|   cxx11test::overridden o1(55464);
| }
| {
|   // Test nullptr
|   char *c = nullptr;
| }
| {
|   // Test template brackets
|   test_template<::test_template<int>> v(test_template<int>(12));
| }
| {
|   // Unicode literals
|   char const *utf8 = u8"UTF-8 string \u2500";
|   char16_t const *utf16 = u"UTF-8 string \u2500";
|   char32_t const *utf32 = U"UTF-32 string \u2500";
| }
| 
|   return ok;
| }
| 
configure:3943: result: none needed
configure:4060: checking for a BSD-compatible install
configure:4133: result: /usr/bin/install -c
configure:4160: checking for pthread_create in -lpthread
configure:4183: clang -o conftest -O3 -fvectorize  -funroll-loops -Daarch64    conftest.c -lpthread   >&5
configure:4183: $? = 0
configure:4193: result: yes
configure:4207: checking for MPI_Init in -lmpi
configure:4230: clang -o conftest -O3 -fvectorize  -funroll-loops -Daarch64    conftest.c -lmpi   >&5
configure:4230: $? = 0
configure:4240: result: yes
configure:4259: checking for exp in -lm
configure:4282: clang -o conftest -O3 -fvectorize  -funroll-loops -Daarch64    conftest.c -lm   >&5
conftest.c:13:6: warning: incompatible redeclaration of library function 'exp' [-Wincompatible-library-redeclaration]
char exp ();
     ^
conftest.c:13:6: note: 'exp' is a builtin with type 'double (double)'
1 warning generated.
configure:4282: $? = 0
configure:4292: result: yes
configure:4317: checking for stdio.h
configure:4317: clang -c -O3 -fvectorize  -funroll-loops -Daarch64   conftest.c >&5
configure:4317: $? = 0
configure:4317: result: yes
configure:4317: checking for stdlib.h
configure:4317: clang -c -O3 -fvectorize  -funroll-loops -Daarch64   conftest.c >&5
configure:4317: $? = 0
configure:4317: result: yes
configure:4317: checking for string.h
configure:4317: clang -c -O3 -fvectorize  -funroll-loops -Daarch64   conftest.c >&5
configure:4317: $? = 0
configure:4317: result: yes
configure:4317: checking for inttypes.h
configure:4317: clang -c -O3 -fvectorize  -funroll-loops -Daarch64   conftest.c >&5
configure:4317: $? = 0
configure:4317: result: yes
configure:4317: checking for stdint.h
configure:4317: clang -c -O3 -fvectorize  -funroll-loops -Daarch64   conftest.c >&5
configure:4317: $? = 0
configure:4317: result: yes
configure:4317: checking for strings.h
configure:4317: clang -c -O3 -fvectorize  -funroll-loops -Daarch64   conftest.c >&5
configure:4317: $? = 0
configure:4317: result: yes
configure:4317: checking for sys/stat.h
configure:4317: clang -c -O3 -fvectorize  -funroll-loops -Daarch64   conftest.c >&5
configure:4317: $? = 0
configure:4317: result: yes
configure:4317: checking for sys/types.h
configure:4317: clang -c -O3 -fvectorize  -funroll-loops -Daarch64   conftest.c >&5
configure:4317: $? = 0
configure:4317: result: yes
configure:4317: checking for unistd.h
configure:4317: clang -c -O3 -fvectorize  -funroll-loops -Daarch64   conftest.c >&5
configure:4317: $? = 0
configure:4317: result: yes
configure:4342: checking for grep that handles long lines and -e
configure:4406: result: /usr/bin/grep
configure:4411: checking for egrep
configure:4479: result: /usr/bin/grep -E
configure:4485: checking for limits.h
configure:4485: clang -c -O3 -fvectorize  -funroll-loops -Daarch64   conftest.c >&5
configure:4485: $? = 0
configure:4485: result: yes
configure:4491: checking for strings.h
configure:4491: result: yes
configure:4502: checking for pthread.h
configure:4502: clang -c -O3 -fvectorize  -funroll-loops -Daarch64   conftest.c >&5
configure:4502: $? = 0
configure:4502: result: yes
configure:4512: checking for an ANSI C-conforming const
configure:4579: clang -c -O3 -fvectorize  -funroll-loops -Daarch64   conftest.c >&5
configure:4579: $? = 0
configure:4587: result: yes
configure:4595: checking for size_t
configure:4595: clang -c -O3 -fvectorize  -funroll-loops -Daarch64   conftest.c >&5
configure:4595: $? = 0
configure:4595: clang -c -O3 -fvectorize  -funroll-loops -Daarch64   conftest.c >&5
conftest.c:54:21: error: expected expression
if (sizeof ((size_t)))
                    ^
1 error generated.
configure:4595: $? = 1
configure: failed program was:
| /* confdefs.h */
| #define PACKAGE_NAME ""
| #define PACKAGE_TARNAME ""
| #define PACKAGE_VERSION ""
| #define PACKAGE_STRING ""
| #define PACKAGE_BUGREPORT ""
| #define PACKAGE_URL ""
| #define HAVE_LIBM 1
| #define HAVE_STDIO_H 1
| #define HAVE_STDLIB_H 1
| #define HAVE_STRING_H 1
| #define HAVE_INTTYPES_H 1
| #define HAVE_STDINT_H 1
| #define HAVE_STRINGS_H 1
| #define HAVE_SYS_STAT_H 1
| #define HAVE_SYS_TYPES_H 1
| #define HAVE_UNISTD_H 1
| #define STDC_HEADERS 1
| #define HAVE_LIMITS_H 1
| #define HAVE_STRINGS_H 1
| #define HAVE_PTHREAD_H 1
| /* end confdefs.h.  */
| #include <stddef.h>
| #ifdef HAVE_STDIO_H
| # include <stdio.h>
| #endif
| #ifdef HAVE_STDLIB_H
| # include <stdlib.h>
| #endif
| #ifdef HAVE_STRING_H
| # include <string.h>
| #endif
| #ifdef HAVE_INTTYPES_H
| # include <inttypes.h>
| #endif
| #ifdef HAVE_STDINT_H
| # include <stdint.h>
| #endif
| #ifdef HAVE_STRINGS_H
| # include <strings.h>
| #endif
| #ifdef HAVE_SYS_TYPES_H
| # include <sys/types.h>
| #endif
| #ifdef HAVE_SYS_STAT_H
| # include <sys/stat.h>
| #endif
| #ifdef HAVE_UNISTD_H
| # include <unistd.h>
| #endif
| int
| main (void)
| {
| if (sizeof ((size_t)))
| 	    return 0;
|   ;
|   return 0;
| }
configure:4595: result: yes
configure:4605: checking for int
configure:4605: clang -c -O3 -fvectorize  -funroll-loops -Daarch64   conftest.c >&5
configure:4605: $? = 0
configure:4605: clang -c -O3 -fvectorize  -funroll-loops -Daarch64   conftest.c >&5
conftest.c:54:18: error: expected expression
if (sizeof ((int)))
                 ^
1 error generated.
configure:4605: $? = 1
configure: failed program was:
| /* confdefs.h */
| #define PACKAGE_NAME ""
| #define PACKAGE_TARNAME ""
| #define PACKAGE_VERSION ""
| #define PACKAGE_STRING ""
| #define PACKAGE_BUGREPORT ""
| #define PACKAGE_URL ""
| #define HAVE_LIBM 1
| #define HAVE_STDIO_H 1
| #define HAVE_STDLIB_H 1
| #define HAVE_STRING_H 1
| #define HAVE_INTTYPES_H 1
| #define HAVE_STDINT_H 1
| #define HAVE_STRINGS_H 1
| #define HAVE_SYS_STAT_H 1
| #define HAVE_SYS_TYPES_H 1
| #define HAVE_UNISTD_H 1
| #define STDC_HEADERS 1
| #define HAVE_LIMITS_H 1
| #define HAVE_STRINGS_H 1
| #define HAVE_PTHREAD_H 1
| /* end confdefs.h.  */
| #include <stddef.h>
| #ifdef HAVE_STDIO_H
| # include <stdio.h>
| #endif
| #ifdef HAVE_STDLIB_H
| # include <stdlib.h>
| #endif
| #ifdef HAVE_STRING_H
| # include <string.h>
| #endif
| #ifdef HAVE_INTTYPES_H
| # include <inttypes.h>
| #endif
| #ifdef HAVE_STDINT_H
| # include <stdint.h>
| #endif
| #ifdef HAVE_STRINGS_H
| # include <strings.h>
| #endif
| #ifdef HAVE_SYS_TYPES_H
| # include <sys/types.h>
| #endif
| #ifdef HAVE_SYS_STAT_H
| # include <sys/stat.h>
| #endif
| #ifdef HAVE_UNISTD_H
| # include <unistd.h>
| #endif
| int
| main (void)
| {
| if (sizeof ((int)))
| 	    return 0;
|   ;
|   return 0;
| }
configure:4605: result: yes
configure:4615: checking whether struct tm is in sys/time.h or time.h
configure:4636: clang -c -O3 -fvectorize  -funroll-loops -Daarch64   conftest.c >&5
configure:4636: $? = 0
configure:4644: result: time.h
configure:4652: checking for inline
configure:4669: clang -c -O3 -fvectorize  -funroll-loops -Daarch64   conftest.c >&5
configure:4669: $? = 0
configure:4678: result: inline
configure:4713: checking for strftime
configure:4713: clang -o conftest -O3 -fvectorize  -funroll-loops -Daarch64    conftest.c -lm  >&5
configure:4713: $? = 0
configure:4713: result: yes
configure:4765: checking for strcspn
configure:4765: clang -o conftest -O3 -fvectorize  -funroll-loops -Daarch64    conftest.c -lm  >&5
conftest.c:40:6: warning: incompatible redeclaration of library function 'strcspn' [-Wincompatible-library-redeclaration]
char strcspn ();
     ^
conftest.c:40:6: note: 'strcspn' is a builtin with type 'unsigned long (const char *, const char *)'
1 warning generated.
configure:4765: $? = 0
configure:4765: result: yes
configure:4772: checking for strsep
configure:4772: clang -o conftest -O3 -fvectorize  -funroll-loops -Daarch64    conftest.c -lm  >&5
configure:4772: $? = 0
configure:4772: result: yes
configure:4779: checking for strdup
configure:4779: clang -o conftest -O3 -fvectorize  -funroll-loops -Daarch64    conftest.c -lm  >&5
conftest.c:42:6: warning: incompatible redeclaration of library function 'strdup' [-Wincompatible-library-redeclaration]
char strdup ();
     ^
conftest.c:42:6: note: 'strdup' is a builtin with type 'char *(const char *)'
1 warning generated.
configure:4779: $? = 0
configure:4779: result: yes
configure:4786: checking for lgamma
configure:4786: clang -o conftest -O3 -fvectorize  -funroll-loops -Daarch64    conftest.c -lm  >&5
conftest.c:43:6: warning: incompatible redeclaration of library function 'lgamma' [-Wincompatible-library-redeclaration]
char lgamma ();
     ^
conftest.c:43:6: note: 'lgamma' is a builtin with type 'double (double)'
1 warning generated.
configure:4786: $? = 0
configure:4786: result: yes
configure:4844: checking which zlib implementation to use
configure:4848: result: autodetect
configure:4850: checking for main in -lz
configure:4870: clang -o conftest -O3 -fvectorize  -funroll-loops -Daarch64    conftest.c -lz  -lm  >&5
configure:4870: $? = 0
configure:4880: result: yes
configure:4968: checking for gzbuffer
configure:4968: clang -o conftest -O3 -fvectorize  -funroll-loops -Daarch64    conftest.c -lm  >&5
Undefined symbols for architecture arm64:
  "_gzbuffer", referenced from:
      _main in conftest-400bbc.o
ld: symbol(s) not found for architecture arm64
clang: error: linker command failed with exit code 1 (use -v to see invocation)
configure:4968: $? = 1
configure: failed program was:
| /* confdefs.h */
| #define PACKAGE_NAME ""
| #define PACKAGE_TARNAME ""
| #define PACKAGE_VERSION ""
| #define PACKAGE_STRING ""
| #define PACKAGE_BUGREPORT ""
| #define PACKAGE_URL ""
| #define HAVE_LIBM 1
| #define HAVE_STDIO_H 1
| #define HAVE_STDLIB_H 1
| #define HAVE_STRING_H 1
| #define HAVE_INTTYPES_H 1
| #define HAVE_STDINT_H 1
| #define HAVE_STRINGS_H 1
| #define HAVE_SYS_STAT_H 1
| #define HAVE_SYS_TYPES_H 1
| #define HAVE_UNISTD_H 1
| #define STDC_HEADERS 1
| #define HAVE_LIMITS_H 1
| #define HAVE_STRINGS_H 1
| #define HAVE_PTHREAD_H 1
| #define HAVE_STRFTIME 1
| #define HAVE_STRCSPN 1
| #define HAVE_STRSEP 1
| #define HAVE_STRDUP 1
| #define HAVE_LGAMMA 1
| /* end confdefs.h.  */
| /* Define gzbuffer to an innocuous variant, in case <limits.h> declares gzbuffer.
|    For example, HP-UX 11i <limits.h> declares gettimeofday.  */
| #define gzbuffer innocuous_gzbuffer
| 
| /* System header to define __stub macros and hopefully few prototypes,
|    which can conflict with char gzbuffer (); below.  */
| 
| #include <limits.h>
| #undef gzbuffer
| 
| /* Override any GCC internal prototype to avoid an error.
|    Use char because int might match the return type of a GCC
|    builtin and then its argument prototype would still apply.  */
| #ifdef __cplusplus
| extern "C"
| #endif
| char gzbuffer ();
| /* The GNU C library defines this for functions which it implements
|     to always fail with ENOSYS.  Some functions are actually named
|     something starting with __ and the normal name is an alias.  */
| #if defined __stub_gzbuffer || defined __stub___gzbuffer
| choke me
| #endif
| 
| int
| main (void)
| {
| return gzbuffer ();
|   ;
|   return 0;
| }
configure:4968: result: no
configure:5184: creating ./config.status

## ---------------------- ##
## Running config.status. ##
## ---------------------- ##

This file was extended by config.status, which was
generated by GNU Autoconf 2.71.  Invocation command line was

  CONFIG_FILES    = 
  CONFIG_HEADERS  = 
  CONFIG_LINKS    = 
  CONFIG_COMMANDS = 
  $ ./config.status 

on arzak.local

config.status:846: creating Makefile
config.status:846: creating src/conf.h
config.status:1021: src/conf.h is unchanged

## ---------------- ##
## Cache variables. ##
## ---------------- ##

ac_cv_build=aarch64-apple-darwin23.4.0
ac_cv_c_compiler_gnu=yes
ac_cv_c_const=yes
ac_cv_c_inline=inline
ac_cv_cxx_compiler_gnu=yes
ac_cv_env_CCC_set=
ac_cv_env_CCC_value=
ac_cv_env_CC_set=
ac_cv_env_CC_value=
ac_cv_env_CFLAGS_set=
ac_cv_env_CFLAGS_value=
ac_cv_env_CPPFLAGS_set=
ac_cv_env_CPPFLAGS_value=
ac_cv_env_CXXFLAGS_set=
ac_cv_env_CXXFLAGS_value=
ac_cv_env_CXX_set=
ac_cv_env_CXX_value=
ac_cv_env_LDFLAGS_set=
ac_cv_env_LDFLAGS_value=
ac_cv_env_LIBS_set=
ac_cv_env_LIBS_value=
ac_cv_env_build_alias_set=
ac_cv_env_build_alias_value=
ac_cv_env_host_alias_set=
ac_cv_env_host_alias_value=
ac_cv_env_target_alias_set=
ac_cv_env_target_alias_value=
ac_cv_func_gzbuffer=no
ac_cv_func_lgamma=yes
ac_cv_func_strcspn=yes
ac_cv_func_strdup=yes
ac_cv_func_strftime=yes
ac_cv_func_strsep=yes
ac_cv_header_inttypes_h=yes
ac_cv_header_limits_h=yes
ac_cv_header_pthread_h=yes
ac_cv_header_stdint_h=yes
ac_cv_header_stdio_h=yes
ac_cv_header_stdlib_h=yes
ac_cv_header_string_h=yes
ac_cv_header_strings_h=yes
ac_cv_header_sys_stat_h=yes
ac_cv_header_sys_types_h=yes
ac_cv_header_unistd_h=yes
ac_cv_host=aarch64-apple-darwin23.4.0
ac_cv_lib_m_exp=yes
ac_cv_lib_mpi_MPI_Init=yes
ac_cv_lib_pthread_pthread_create=yes
ac_cv_lib_z_main=yes
ac_cv_objext=o
ac_cv_path_EGREP='/usr/bin/grep -E'
ac_cv_path_GREP=/usr/bin/grep
ac_cv_path_install='/usr/bin/install -c'
ac_cv_prog_GMAKE=gmake
ac_cv_prog_ac_ct_CC=clang
ac_cv_prog_ac_ct_CXX=clang
ac_cv_prog_cc_c11=
ac_cv_prog_cc_g=yes
ac_cv_prog_cc_stdc=
ac_cv_prog_cxx_11=no
ac_cv_prog_cxx_g=yes
ac_cv_prog_cxx_stdcxx=
ac_cv_struct_tm=time.h
ac_cv_target=aarch64-apple-darwin23.4.0
ac_cv_type_int=yes
ac_cv_type_size_t=yes

## ----------------- ##
## Output variables. ##
## ----------------- ##

ARCH=''
CC='clang'
CFLAGS='-O3 -fvectorize  -funroll-loops -Daarch64 '
CPPFLAGS=''
CPUINFO='sysctl machdep.cpu.brand_string'
CPUTYPE='aarch64'
CXX='clang'
CXXFLAGS='-g -O2'
DEFS='-DHAVE_CONFIG_H'
ECHO_C='\c'
ECHO_N=''
ECHO_T=''
EGREP='/usr/bin/grep -E'
EXCEPTION=''
EXEEXT=''
GMAKE='gmake'
GREP='/usr/bin/grep'
HARDWARECFLAGS=''
HAVE_ZNZ=' -DHAVE_ZLIB -DZNZ'
INSTALL_DATA='${INSTALL} -m 644'
INSTALL_PROGRAM='${INSTALL}'
INSTALL_SCRIPT='${INSTALL}'
LDFLAGS=''
LIBOBJS=''
LIBS='-lm '
LTLIBOBJS=''
MACOSVERSION=''
MIGRATESUBVERSION='March-15-2024'
MIGRATEVERSION='5.0.5'
MPICC='mpicc'
MT_FILES='SFMT.c'
NOZLIB=''
OBJEXT='o'
OSTYPE='MacOS_14.4'
PACKAGE_BUGREPORT=''
PACKAGE_NAME=''
PACKAGE_STRING=''
PACKAGE_TARNAME=''
PACKAGE_URL=''
PACKAGE_VERSION=''
PAPERFORMAT='-DLETTERPAPER'
PATH_SEPARATOR=':'
RANDOMCFLAGS=''
RANDOMLIBS=' '
SHELL='/bin/sh'
STDCPLUS='-lstdc++'
SYSTEM='osx'
SYSTEMVERSION=''
TAR='tar'
THREADCFLAGS='-D_REENTRANT -DPTHREADS'
THREADLIB='-lpthread'
ZLIB='-lz'
ZLIBDIR=''
ZLIBHARUINCL=''
ZLIBINCL=''
ZLIBTARGET='zlibsystem'
ac_ct_CC='clang'
ac_ct_CXX='clang'
bindir='${exec_prefix}/bin'
build='aarch64-apple-darwin23.4.0'
build_alias=''
build_cpu='aarch64'
build_os='darwin23.4.0'
build_vendor='apple'
datadir='${datarootdir}'
datarootdir='${prefix}/share'
docdir='${datarootdir}/doc/${PACKAGE}'
dvidir='${docdir}'
exec_prefix='${prefix}'
host='aarch64-apple-darwin23.4.0'
host_alias=''
host_cpu='aarch64'
host_os='darwin23.4.0'
host_vendor='apple'
htmldir='${docdir}'
includedir='${prefix}/include'
infodir='${datarootdir}/info'
libdir='${exec_prefix}/lib'
libexecdir='${exec_prefix}/libexec'
localedir='${datarootdir}/locale'
localstatedir='${prefix}/var'
mandir='${datarootdir}/man'
oldincludedir='/usr/include'
pdfdir='${docdir}'
prefix='/usr/local'
program_transform_name='s,x,x,'
psdir='${docdir}'
runstatedir='${localstatedir}/run'
sbindir='${exec_prefix}/sbin'
sharedstatedir='${prefix}/com'
sysconfdir='${prefix}/etc'
target='aarch64-apple-darwin23.4.0'
target_alias=''
target_cpu='aarch64'
target_os='darwin23.4.0'
target_vendor='apple'

## ----------- ##
## confdefs.h. ##
## ----------- ##

/* confdefs.h */
#define PACKAGE_NAME ""
#define PACKAGE_TARNAME ""
#define PACKAGE_VERSION ""
#define PACKAGE_STRING ""
#define PACKAGE_BUGREPORT ""
#define PACKAGE_URL ""
#define HAVE_LIBM 1
#define HAVE_STDIO_H 1
#define HAVE_STDLIB_H 1
#define HAVE_STRING_H 1
#define HAVE_INTTYPES_H 1
#define HAVE_STDINT_H 1
#define HAVE_STRINGS_H 1
#define HAVE_SYS_STAT_H 1
#define HAVE_SYS_TYPES_H 1
#define HAVE_UNISTD_H 1
#define STDC_HEADERS 1
#define HAVE_LIMITS_H 1
#define HAVE_STRINGS_H 1
#define HAVE_PTHREAD_H 1
#define HAVE_STRFTIME 1
#define HAVE_STRCSPN 1
#define HAVE_STRSEP 1
#define HAVE_STRDUP 1
#define HAVE_LGAMMA 1

configure: exit 0
